Vivado Simulator 2017.4
Copyright 1986-1999, 2001-2016 Xilinx, Inc. All Rights Reserved.
Running: E:/Xilinx/Vivado/2017.4/bin/unwrapped/win64.o/xelab.exe -wto 4da20e3c81824f519157aadad2c4f05e --incr --debug typical --relax --mt 2 -L xil_defaultlib -L unisims_ver -L secureip --snapshot seg_assembly_tb_func_impl xil_defaultlib.seg_assembly_tb xil_defaultlib.glbl -log elaborate.log 
Using 2 slave threads.
Starting static elaboration
Completed static elaboration
Starting simulation data flow analysis
Completed simulation data flow analysis
Time Resolution for simulation is 1ps
Compiling module unisims_ver.IBUF
Compiling module unisims_ver.BUFG
Compiling module unisims_ver.x_lut3_mux8
Compiling module unisims_ver.LUT3
Compiling module unisims_ver.FDPE_default
Compiling module unisims_ver.LUT6
Compiling module unisims_ver.LUT4
Compiling module unisims_ver.x_lut1_mux2
Compiling module unisims_ver.LUT1
Compiling module unisims_ver.MUXF7
Compiling module unisims_ver.x_lut2_mux4
Compiling module unisims_ver.LUT2
Compiling module unisims_ver.FDCE_default
Compiling module xil_defaultlib.seg_scanner
Compiling module unisims_ver.OBUF
Compiling module xil_defaultlib.seg_assembly
Compiling module xil_defaultlib.seg_assembly_tb
Compiling module xil_defaultlib.glbl
Built simulation snapshot seg_assembly_tb_func_impl
