Copyright 1986-2017 Xilinx, Inc. All Rights Reserved.
------------------------------------------------------------------------------------
| Tool Version : Vivado v.2017.4 (win64) Build 2086221 Fri Dec 15 20:55:39 MST 2017
| Date         : Sat Dec 15 16:09:11 2018
| Host         : Dell-tsing running 64-bit major release  (build 9200)
| Command      : report_control_sets -verbose -file pin_mux_control_sets_placed.rpt
| Design       : pin_mux
| Device       : xc7a100t
------------------------------------------------------------------------------------

Control Set Information

Table of Contents
-----------------
1. Summary
2. Flip-Flop Distribution
3. Detailed Control Set Information

1. Summary
----------

+----------------------------------------------------------+-------+
|                          Status                          | Count |
+----------------------------------------------------------+-------+
| Number of unique control sets                            |     3 |
| Unused register locations in slices containing registers |    10 |
+----------------------------------------------------------+-------+


2. Flip-Flop Distribution
-------------------------

+--------------+-----------------------+------------------------+-----------------+--------------+
| Clock Enable | Synchronous Set/Reset | Asynchronous Set/Reset | Total Registers | Total Slices |
+--------------+-----------------------+------------------------+-----------------+--------------+
| No           | No                    | No                     |               0 |            0 |
| No           | No                    | Yes                    |               4 |            1 |
| No           | Yes                   | No                     |              26 |            8 |
| Yes          | No                    | No                     |               0 |            0 |
| Yes          | No                    | Yes                    |              16 |            5 |
| Yes          | Yes                   | No                     |               0 |            0 |
+--------------+-----------------------+------------------------+-----------------+--------------+


3. Detailed Control Set Information
-----------------------------------

+----------------+------------------------+-------------------------+------------------+----------------+
|  Clock Signal  |      Enable Signal     |     Set/Reset Signal    | Slice Load Count | Bel Load Count |
+----------------+------------------------+-------------------------+------------------+----------------+
|  cout_reg_n_0  |                        | seg7/sc/en_reg[7]_inv_0 |                1 |              4 |
|  cout_reg_n_0  | seg7/sc/out[7]_i_1_n_0 | seg7/sc/en_reg[7]_inv_0 |                5 |             16 |
|  clk_IBUF_BUFG |                        | seg7/sc/en_reg[7]_inv_0 |                8 |             26 |
+----------------+------------------------+-------------------------+------------------+----------------+


+--------+-----------------------+
| Fanout | Number of ControlSets |
+--------+-----------------------+
| 4      |                     1 |
| 16+    |                     2 |
+--------+-----------------------+


